<?xml version="1.0" encoding="UTF-8"?>
<!-- Generated by org.testng.reporters.JUnitReportReporter -->
<testsuite hostname="pritup-HP" name="Module1.DriverClass" tests="1" failures="0" timestamp="9 Oct 2014 07:43:06 GMT" time="50.886" errors="0">
  <testcase name="testt" time="50.886" classname="Module1.DriverClass"/>
</testsuite>
